<?xml version="1.0" encoding="UTF-8"?>
<testsuite xmlns:xsi="http://www.w3.org/2001/XMLSchema-instance" xsi:noNamespaceSchemaLocation="https://maven.apache.org/surefire/maven-surefire-plugin/xsd/surefire-test-report-3.0.xsd" version="3.0" name="com.example.ledgerservice.controller.LedgerControllerIntegrationTest" time="9.99" tests="5" errors="2" skipped="0" failures="0">
  <properties>
    <property name="java.specification.version" value="21"/>
    <property name="sun.jnu.encoding" value="UTF-8"/>
    <property name="java.class.path" value="/app/ledger-service/target/test-classes:/app/ledger-service/target/classes:/home/jules/.m2/repository/org/springframework/boot/spring-boot-starter-web/3.2.5/spring-boot-starter-web-3.2.5.jar:/home/jules/.m2/repository/org/springframework/boot/spring-boot-starter/3.2.5/spring-boot-starter-3.2.5.jar:/home/jules/.m2/repository/org/springframework/boot/spring-boot/3.2.5/spring-boot-3.2.5.jar:/home/jules/.m2/repository/org/springframework/boot/spring-boot-autoconfigure/3.2.5/spring-boot-autoconfigure-3.2.5.jar:/home/jules/.m2/repository/org/springframework/boot/spring-boot-starter-logging/3.2.5/spring-boot-starter-logging-3.2.5.jar:/home/jules/.m2/repository/ch/qos/logback/logback-classic/1.4.14/logback-classic-1.4.14.jar:/home/jules/.m2/repository/ch/qos/logback/logback-core/1.4.14/logback-core-1.4.14.jar:/home/jules/.m2/repository/org/apache/logging/log4j/log4j-to-slf4j/2.21.1/log4j-to-slf4j-2.21.1.jar:/home/jules/.m2/repository/org/apache/logging/log4j/log4j-api/2.21.1/log4j-api-2.21.1.jar:/home/jules/.m2/repository/org/slf4j/jul-to-slf4j/2.0.13/jul-to-slf4j-2.0.13.jar:/home/jules/.m2/repository/jakarta/annotation/jakarta.annotation-api/2.1.1/jakarta.annotation-api-2.1.1.jar:/home/jules/.m2/repository/org/yaml/snakeyaml/2.2/snakeyaml-2.2.jar:/home/jules/.m2/repository/org/springframework/boot/spring-boot-starter-json/3.2.5/spring-boot-starter-json-3.2.5.jar:/home/jules/.m2/repository/com/fasterxml/jackson/core/jackson-databind/2.15.4/jackson-databind-2.15.4.jar:/home/jules/.m2/repository/com/fasterxml/jackson/core/jackson-annotations/2.15.4/jackson-annotations-2.15.4.jar:/home/jules/.m2/repository/com/fasterxml/jackson/core/jackson-core/2.15.4/jackson-core-2.15.4.jar:/home/jules/.m2/repository/com/fasterxml/jackson/datatype/jackson-datatype-jdk8/2.15.4/jackson-datatype-jdk8-2.15.4.jar:/home/jules/.m2/repository/com/fasterxml/jackson/datatype/jackson-datatype-jsr310/2.15.4/jackson-datatype-jsr310-2.15.4.jar:/home/jules/.m2/repository/com/fasterxml/jackson/module/jackson-module-parameter-names/2.15.4/jackson-module-parameter-names-2.15.4.jar:/home/jules/.m2/repository/org/springframework/boot/spring-boot-starter-tomcat/3.2.5/spring-boot-starter-tomcat-3.2.5.jar:/home/jules/.m2/repository/org/apache/tomcat/embed/tomcat-embed-core/10.1.20/tomcat-embed-core-10.1.20.jar:/home/jules/.m2/repository/org/apache/tomcat/embed/tomcat-embed-websocket/10.1.20/tomcat-embed-websocket-10.1.20.jar:/home/jules/.m2/repository/org/springframework/spring-web/6.1.6/spring-web-6.1.6.jar:/home/jules/.m2/repository/org/springframework/spring-beans/6.1.6/spring-beans-6.1.6.jar:/home/jules/.m2/repository/org/springframework/spring-webmvc/6.1.6/spring-webmvc-6.1.6.jar:/home/jules/.m2/repository/org/springframework/spring-aop/6.1.6/spring-aop-6.1.6.jar:/home/jules/.m2/repository/org/springframework/spring-context/6.1.6/spring-context-6.1.6.jar:/home/jules/.m2/repository/org/springframework/spring-expression/6.1.6/spring-expression-6.1.6.jar:/home/jules/.m2/repository/org/springframework/boot/spring-boot-starter-data-jpa/3.2.5/spring-boot-starter-data-jpa-3.2.5.jar:/home/jules/.m2/repository/org/springframework/boot/spring-boot-starter-aop/3.2.5/spring-boot-starter-aop-3.2.5.jar:/home/jules/.m2/repository/org/aspectj/aspectjweaver/1.9.22/aspectjweaver-1.9.22.jar:/home/jules/.m2/repository/org/springframework/boot/spring-boot-starter-jdbc/3.2.5/spring-boot-starter-jdbc-3.2.5.jar:/home/jules/.m2/repository/com/zaxxer/HikariCP/5.0.1/HikariCP-5.0.1.jar:/home/jules/.m2/repository/org/springframework/spring-jdbc/6.1.6/spring-jdbc-6.1.6.jar:/home/jules/.m2/repository/org/hibernate/orm/hibernate-core/6.4.4.Final/hibernate-core-6.4.4.Final.jar:/home/jules/.m2/repository/jakarta/persistence/jakarta.persistence-api/3.1.0/jakarta.persistence-api-3.1.0.jar:/home/jules/.m2/repository/jakarta/transaction/jakarta.transaction-api/2.0.1/jakarta.transaction-api-2.0.1.jar:/home/jules/.m2/repository/org/jboss/logging/jboss-logging/3.5.3.Final/jboss-logging-3.5.3.Final.jar:/home/jules/.m2/repository/org/hibernate/common/hibernate-commons-annotations/6.0.6.Final/hibernate-commons-annotations-6.0.6.Final.jar:/home/jules/.m2/repository/io/smallrye/jandex/3.1.2/jandex-3.1.2.jar:/home/jules/.m2/repository/com/fasterxml/classmate/1.6.0/classmate-1.6.0.jar:/home/jules/.m2/repository/net/bytebuddy/byte-buddy/1.14.13/byte-buddy-1.14.13.jar:/home/jules/.m2/repository/org/glassfish/jaxb/jaxb-runtime/4.0.5/jaxb-runtime-4.0.5.jar:/home/jules/.m2/repository/org/glassfish/jaxb/jaxb-core/4.0.5/jaxb-core-4.0.5.jar:/home/jules/.m2/repository/org/eclipse/angus/angus-activation/2.0.2/angus-activation-2.0.2.jar:/home/jules/.m2/repository/org/glassfish/jaxb/txw2/4.0.5/txw2-4.0.5.jar:/home/jules/.m2/repository/com/sun/istack/istack-commons-runtime/4.1.2/istack-commons-runtime-4.1.2.jar:/home/jules/.m2/repository/jakarta/inject/jakarta.inject-api/2.0.1/jakarta.inject-api-2.0.1.jar:/home/jules/.m2/repository/org/antlr/antlr4-runtime/4.13.0/antlr4-runtime-4.13.0.jar:/home/jules/.m2/repository/org/springframework/data/spring-data-jpa/3.2.5/spring-data-jpa-3.2.5.jar:/home/jules/.m2/repository/org/springframework/data/spring-data-commons/3.2.5/spring-data-commons-3.2.5.jar:/home/jules/.m2/repository/org/springframework/spring-orm/6.1.6/spring-orm-6.1.6.jar:/home/jules/.m2/repository/org/springframework/spring-tx/6.1.6/spring-tx-6.1.6.jar:/home/jules/.m2/repository/org/slf4j/slf4j-api/2.0.13/slf4j-api-2.0.13.jar:/home/jules/.m2/repository/org/springframework/spring-aspects/6.1.6/spring-aspects-6.1.6.jar:/home/jules/.m2/repository/org/springframework/boot/spring-boot-starter-validation/3.2.5/spring-boot-starter-validation-3.2.5.jar:/home/jules/.m2/repository/org/apache/tomcat/embed/tomcat-embed-el/10.1.20/tomcat-embed-el-10.1.20.jar:/home/jules/.m2/repository/org/hibernate/validator/hibernate-validator/8.0.1.Final/hibernate-validator-8.0.1.Final.jar:/home/jules/.m2/repository/jakarta/validation/jakarta.validation-api/3.0.2/jakarta.validation-api-3.0.2.jar:/home/jules/.m2/repository/org/springframework/boot/spring-boot-starter-actuator/3.2.5/spring-boot-starter-actuator-3.2.5.jar:/home/jules/.m2/repository/org/springframework/boot/spring-boot-actuator-autoconfigure/3.2.5/spring-boot-actuator-autoconfigure-3.2.5.jar:/home/jules/.m2/repository/org/springframework/boot/spring-boot-actuator/3.2.5/spring-boot-actuator-3.2.5.jar:/home/jules/.m2/repository/io/micrometer/micrometer-observation/1.12.5/micrometer-observation-1.12.5.jar:/home/jules/.m2/repository/io/micrometer/micrometer-commons/1.12.5/micrometer-commons-1.12.5.jar:/home/jules/.m2/repository/io/micrometer/micrometer-jakarta9/1.12.5/micrometer-jakarta9-1.12.5.jar:/home/jules/.m2/repository/io/micrometer/micrometer-core/1.12.5/micrometer-core-1.12.5.jar:/home/jules/.m2/repository/org/hdrhistogram/HdrHistogram/2.1.12/HdrHistogram-2.1.12.jar:/home/jules/.m2/repository/org/latencyutils/LatencyUtils/2.0.3/LatencyUtils-2.0.3.jar:/home/jules/.m2/repository/com/h2database/h2/2.2.224/h2-2.2.224.jar:/home/jules/.m2/repository/org/projectlombok/lombok/1.18.32/lombok-1.18.32.jar:/home/jules/.m2/repository/org/springdoc/springdoc-openapi-starter-webmvc-ui/2.5.0/springdoc-openapi-starter-webmvc-ui-2.5.0.jar:/home/jules/.m2/repository/org/springdoc/springdoc-openapi-starter-webmvc-api/2.5.0/springdoc-openapi-starter-webmvc-api-2.5.0.jar:/home/jules/.m2/repository/org/springdoc/springdoc-openapi-starter-common/2.5.0/springdoc-openapi-starter-common-2.5.0.jar:/home/jules/.m2/repository/io/swagger/core/v3/swagger-core-jakarta/2.2.21/swagger-core-jakarta-2.2.21.jar:/home/jules/.m2/repository/org/apache/commons/commons-lang3/3.13.0/commons-lang3-3.13.0.jar:/home/jules/.m2/repository/io/swagger/core/v3/swagger-annotations-jakarta/2.2.21/swagger-annotations-jakarta-2.2.21.jar:/home/jules/.m2/repository/io/swagger/core/v3/swagger-models-jakarta/2.2.21/swagger-models-jakarta-2.2.21.jar:/home/jules/.m2/repository/com/fasterxml/jackson/dataformat/jackson-dataformat-yaml/2.15.4/jackson-dataformat-yaml-2.15.4.jar:/home/jules/.m2/repository/org/webjars/swagger-ui/5.13.0/swagger-ui-5.13.0.jar:/home/jules/.m2/repository/org/springframework/boot/spring-boot-starter-test/3.2.5/spring-boot-starter-test-3.2.5.jar:/home/jules/.m2/repository/org/springframework/boot/spring-boot-test/3.2.5/spring-boot-test-3.2.5.jar:/home/jules/.m2/repository/org/springframework/boot/spring-boot-test-autoconfigure/3.2.5/spring-boot-test-autoconfigure-3.2.5.jar:/home/jules/.m2/repository/com/jayway/jsonpath/json-path/2.9.0/json-path-2.9.0.jar:/home/jules/.m2/repository/jakarta/xml/bind/jakarta.xml.bind-api/4.0.2/jakarta.xml.bind-api-4.0.2.jar:/home/jules/.m2/repository/jakarta/activation/jakarta.activation-api/2.1.3/jakarta.activation-api-2.1.3.jar:/home/jules/.m2/repository/net/minidev/json-smart/2.5.1/json-smart-2.5.1.jar:/home/jules/.m2/repository/net/minidev/accessors-smart/2.5.1/accessors-smart-2.5.1.jar:/home/jules/.m2/repository/org/ow2/asm/asm/9.6/asm-9.6.jar:/home/jules/.m2/repository/org/assertj/assertj-core/3.24.2/assertj-core-3.24.2.jar:/home/jules/.m2/repository/org/awaitility/awaitility/4.2.1/awaitility-4.2.1.jar:/home/jules/.m2/repository/org/hamcrest/hamcrest/2.2/hamcrest-2.2.jar:/home/jules/.m2/repository/org/junit/jupiter/junit-jupiter/5.10.2/junit-jupiter-5.10.2.jar:/home/jules/.m2/repository/org/junit/jupiter/junit-jupiter-api/5.10.2/junit-jupiter-api-5.10.2.jar:/home/jules/.m2/repository/org/opentest4j/opentest4j/1.3.0/opentest4j-1.3.0.jar:/home/jules/.m2/repository/org/junit/platform/junit-platform-commons/1.10.2/junit-platform-commons-1.10.2.jar:/home/jules/.m2/repository/org/apiguardian/apiguardian-api/1.1.2/apiguardian-api-1.1.2.jar:/home/jules/.m2/repository/org/junit/jupiter/junit-jupiter-params/5.10.2/junit-jupiter-params-5.10.2.jar:/home/jules/.m2/repository/org/junit/jupiter/junit-jupiter-engine/5.10.2/junit-jupiter-engine-5.10.2.jar:/home/jules/.m2/repository/org/junit/platform/junit-platform-engine/1.10.2/junit-platform-engine-1.10.2.jar:/home/jules/.m2/repository/org/mockito/mockito-core/5.7.0/mockito-core-5.7.0.jar:/home/jules/.m2/repository/net/bytebuddy/byte-buddy-agent/1.14.13/byte-buddy-agent-1.14.13.jar:/home/jules/.m2/repository/org/objenesis/objenesis/3.3/objenesis-3.3.jar:/home/jules/.m2/repository/org/mockito/mockito-junit-jupiter/5.7.0/mockito-junit-jupiter-5.7.0.jar:/home/jules/.m2/repository/org/skyscreamer/jsonassert/1.5.1/jsonassert-1.5.1.jar:/home/jules/.m2/repository/com/vaadin/external/google/android-json/0.0.20131108.vaadin1/android-json-0.0.20131108.vaadin1.jar:/home/jules/.m2/repository/org/springframework/spring-core/6.1.6/spring-core-6.1.6.jar:/home/jules/.m2/repository/org/springframework/spring-jcl/6.1.6/spring-jcl-6.1.6.jar:/home/jules/.m2/repository/org/springframework/spring-test/6.1.6/spring-test-6.1.6.jar:/home/jules/.m2/repository/org/xmlunit/xmlunit-core/2.9.1/xmlunit-core-2.9.1.jar:"/>
    <property name="java.vm.vendor" value="Ubuntu"/>
    <property name="sun.arch.data.model" value="64"/>
    <property name="java.vendor.url" value="https://ubuntu.com/"/>
    <property name="user.timezone" value="Etc/UTC"/>
    <property name="org.jboss.logging.provider" value="slf4j"/>
    <property name="os.name" value="Linux"/>
    <property name="java.vm.specification.version" value="21"/>
    <property name="sun.java.launcher" value="SUN_STANDARD"/>
    <property name="sun.boot.library.path" value="/usr/lib/jvm/java-21-openjdk-amd64/lib"/>
    <property name="sun.java.command" value="/app/ledger-service/target/surefire/surefirebooter-20250803115431191_3.jar /app/ledger-service/target/surefire 2025-08-03T11-54-31_049-jvmRun1 surefire-20250803115431191_1tmp surefire_0-20250803115431191_2tmp"/>
    <property name="jdk.debug" value="release"/>
    <property name="surefire.test.class.path" value="/app/ledger-service/target/test-classes:/app/ledger-service/target/classes:/home/jules/.m2/repository/org/springframework/boot/spring-boot-starter-web/3.2.5/spring-boot-starter-web-3.2.5.jar:/home/jules/.m2/repository/org/springframework/boot/spring-boot-starter/3.2.5/spring-boot-starter-3.2.5.jar:/home/jules/.m2/repository/org/springframework/boot/spring-boot/3.2.5/spring-boot-3.2.5.jar:/home/jules/.m2/repository/org/springframework/boot/spring-boot-autoconfigure/3.2.5/spring-boot-autoconfigure-3.2.5.jar:/home/jules/.m2/repository/org/springframework/boot/spring-boot-starter-logging/3.2.5/spring-boot-starter-logging-3.2.5.jar:/home/jules/.m2/repository/ch/qos/logback/logback-classic/1.4.14/logback-classic-1.4.14.jar:/home/jules/.m2/repository/ch/qos/logback/logback-core/1.4.14/logback-core-1.4.14.jar:/home/jules/.m2/repository/org/apache/logging/log4j/log4j-to-slf4j/2.21.1/log4j-to-slf4j-2.21.1.jar:/home/jules/.m2/repository/org/apache/logging/log4j/log4j-api/2.21.1/log4j-api-2.21.1.jar:/home/jules/.m2/repository/org/slf4j/jul-to-slf4j/2.0.13/jul-to-slf4j-2.0.13.jar:/home/jules/.m2/repository/jakarta/annotation/jakarta.annotation-api/2.1.1/jakarta.annotation-api-2.1.1.jar:/home/jules/.m2/repository/org/yaml/snakeyaml/2.2/snakeyaml-2.2.jar:/home/jules/.m2/repository/org/springframework/boot/spring-boot-starter-json/3.2.5/spring-boot-starter-json-3.2.5.jar:/home/jules/.m2/repository/com/fasterxml/jackson/core/jackson-databind/2.15.4/jackson-databind-2.15.4.jar:/home/jules/.m2/repository/com/fasterxml/jackson/core/jackson-annotations/2.15.4/jackson-annotations-2.15.4.jar:/home/jules/.m2/repository/com/fasterxml/jackson/core/jackson-core/2.15.4/jackson-core-2.15.4.jar:/home/jules/.m2/repository/com/fasterxml/jackson/datatype/jackson-datatype-jdk8/2.15.4/jackson-datatype-jdk8-2.15.4.jar:/home/jules/.m2/repository/com/fasterxml/jackson/datatype/jackson-datatype-jsr310/2.15.4/jackson-datatype-jsr310-2.15.4.jar:/home/jules/.m2/repository/com/fasterxml/jackson/module/jackson-module-parameter-names/2.15.4/jackson-module-parameter-names-2.15.4.jar:/home/jules/.m2/repository/org/springframework/boot/spring-boot-starter-tomcat/3.2.5/spring-boot-starter-tomcat-3.2.5.jar:/home/jules/.m2/repository/org/apache/tomcat/embed/tomcat-embed-core/10.1.20/tomcat-embed-core-10.1.20.jar:/home/jules/.m2/repository/org/apache/tomcat/embed/tomcat-embed-websocket/10.1.20/tomcat-embed-websocket-10.1.20.jar:/home/jules/.m2/repository/org/springframework/spring-web/6.1.6/spring-web-6.1.6.jar:/home/jules/.m2/repository/org/springframework/spring-beans/6.1.6/spring-beans-6.1.6.jar:/home/jules/.m2/repository/org/springframework/spring-webmvc/6.1.6/spring-webmvc-6.1.6.jar:/home/jules/.m2/repository/org/springframework/spring-aop/6.1.6/spring-aop-6.1.6.jar:/home/jules/.m2/repository/org/springframework/spring-context/6.1.6/spring-context-6.1.6.jar:/home/jules/.m2/repository/org/springframework/spring-expression/6.1.6/spring-expression-6.1.6.jar:/home/jules/.m2/repository/org/springframework/boot/spring-boot-starter-data-jpa/3.2.5/spring-boot-starter-data-jpa-3.2.5.jar:/home/jules/.m2/repository/org/springframework/boot/spring-boot-starter-aop/3.2.5/spring-boot-starter-aop-3.2.5.jar:/home/jules/.m2/repository/org/aspectj/aspectjweaver/1.9.22/aspectjweaver-1.9.22.jar:/home/jules/.m2/repository/org/springframework/boot/spring-boot-starter-jdbc/3.2.5/spring-boot-starter-jdbc-3.2.5.jar:/home/jules/.m2/repository/com/zaxxer/HikariCP/5.0.1/HikariCP-5.0.1.jar:/home/jules/.m2/repository/org/springframework/spring-jdbc/6.1.6/spring-jdbc-6.1.6.jar:/home/jules/.m2/repository/org/hibernate/orm/hibernate-core/6.4.4.Final/hibernate-core-6.4.4.Final.jar:/home/jules/.m2/repository/jakarta/persistence/jakarta.persistence-api/3.1.0/jakarta.persistence-api-3.1.0.jar:/home/jules/.m2/repository/jakarta/transaction/jakarta.transaction-api/2.0.1/jakarta.transaction-api-2.0.1.jar:/home/jules/.m2/repository/org/jboss/logging/jboss-logging/3.5.3.Final/jboss-logging-3.5.3.Final.jar:/home/jules/.m2/repository/org/hibernate/common/hibernate-commons-annotations/6.0.6.Final/hibernate-commons-annotations-6.0.6.Final.jar:/home/jules/.m2/repository/io/smallrye/jandex/3.1.2/jandex-3.1.2.jar:/home/jules/.m2/repository/com/fasterxml/classmate/1.6.0/classmate-1.6.0.jar:/home/jules/.m2/repository/net/bytebuddy/byte-buddy/1.14.13/byte-buddy-1.14.13.jar:/home/jules/.m2/repository/org/glassfish/jaxb/jaxb-runtime/4.0.5/jaxb-runtime-4.0.5.jar:/home/jules/.m2/repository/org/glassfish/jaxb/jaxb-core/4.0.5/jaxb-core-4.0.5.jar:/home/jules/.m2/repository/org/eclipse/angus/angus-activation/2.0.2/angus-activation-2.0.2.jar:/home/jules/.m2/repository/org/glassfish/jaxb/txw2/4.0.5/txw2-4.0.5.jar:/home/jules/.m2/repository/com/sun/istack/istack-commons-runtime/4.1.2/istack-commons-runtime-4.1.2.jar:/home/jules/.m2/repository/jakarta/inject/jakarta.inject-api/2.0.1/jakarta.inject-api-2.0.1.jar:/home/jules/.m2/repository/org/antlr/antlr4-runtime/4.13.0/antlr4-runtime-4.13.0.jar:/home/jules/.m2/repository/org/springframework/data/spring-data-jpa/3.2.5/spring-data-jpa-3.2.5.jar:/home/jules/.m2/repository/org/springframework/data/spring-data-commons/3.2.5/spring-data-commons-3.2.5.jar:/home/jules/.m2/repository/org/springframework/spring-orm/6.1.6/spring-orm-6.1.6.jar:/home/jules/.m2/repository/org/springframework/spring-tx/6.1.6/spring-tx-6.1.6.jar:/home/jules/.m2/repository/org/slf4j/slf4j-api/2.0.13/slf4j-api-2.0.13.jar:/home/jules/.m2/repository/org/springframework/spring-aspects/6.1.6/spring-aspects-6.1.6.jar:/home/jules/.m2/repository/org/springframework/boot/spring-boot-starter-validation/3.2.5/spring-boot-starter-validation-3.2.5.jar:/home/jules/.m2/repository/org/apache/tomcat/embed/tomcat-embed-el/10.1.20/tomcat-embed-el-10.1.20.jar:/home/jules/.m2/repository/org/hibernate/validator/hibernate-validator/8.0.1.Final/hibernate-validator-8.0.1.Final.jar:/home/jules/.m2/repository/jakarta/validation/jakarta.validation-api/3.0.2/jakarta.validation-api-3.0.2.jar:/home/jules/.m2/repository/org/springframework/boot/spring-boot-starter-actuator/3.2.5/spring-boot-starter-actuator-3.2.5.jar:/home/jules/.m2/repository/org/springframework/boot/spring-boot-actuator-autoconfigure/3.2.5/spring-boot-actuator-autoconfigure-3.2.5.jar:/home/jules/.m2/repository/org/springframework/boot/spring-boot-actuator/3.2.5/spring-boot-actuator-3.2.5.jar:/home/jules/.m2/repository/io/micrometer/micrometer-observation/1.12.5/micrometer-observation-1.12.5.jar:/home/jules/.m2/repository/io/micrometer/micrometer-commons/1.12.5/micrometer-commons-1.12.5.jar:/home/jules/.m2/repository/io/micrometer/micrometer-jakarta9/1.12.5/micrometer-jakarta9-1.12.5.jar:/home/jules/.m2/repository/io/micrometer/micrometer-core/1.12.5/micrometer-core-1.12.5.jar:/home/jules/.m2/repository/org/hdrhistogram/HdrHistogram/2.1.12/HdrHistogram-2.1.12.jar:/home/jules/.m2/repository/org/latencyutils/LatencyUtils/2.0.3/LatencyUtils-2.0.3.jar:/home/jules/.m2/repository/com/h2database/h2/2.2.224/h2-2.2.224.jar:/home/jules/.m2/repository/org/projectlombok/lombok/1.18.32/lombok-1.18.32.jar:/home/jules/.m2/repository/org/springdoc/springdoc-openapi-starter-webmvc-ui/2.5.0/springdoc-openapi-starter-webmvc-ui-2.5.0.jar:/home/jules/.m2/repository/org/springdoc/springdoc-openapi-starter-webmvc-api/2.5.0/springdoc-openapi-starter-webmvc-api-2.5.0.jar:/home/jules/.m2/repository/org/springdoc/springdoc-openapi-starter-common/2.5.0/springdoc-openapi-starter-common-2.5.0.jar:/home/jules/.m2/repository/io/swagger/core/v3/swagger-core-jakarta/2.2.21/swagger-core-jakarta-2.2.21.jar:/home/jules/.m2/repository/org/apache/commons/commons-lang3/3.13.0/commons-lang3-3.13.0.jar:/home/jules/.m2/repository/io/swagger/core/v3/swagger-annotations-jakarta/2.2.21/swagger-annotations-jakarta-2.2.21.jar:/home/jules/.m2/repository/io/swagger/core/v3/swagger-models-jakarta/2.2.21/swagger-models-jakarta-2.2.21.jar:/home/jules/.m2/repository/com/fasterxml/jackson/dataformat/jackson-dataformat-yaml/2.15.4/jackson-dataformat-yaml-2.15.4.jar:/home/jules/.m2/repository/org/webjars/swagger-ui/5.13.0/swagger-ui-5.13.0.jar:/home/jules/.m2/repository/org/springframework/boot/spring-boot-starter-test/3.2.5/spring-boot-starter-test-3.2.5.jar:/home/jules/.m2/repository/org/springframework/boot/spring-boot-test/3.2.5/spring-boot-test-3.2.5.jar:/home/jules/.m2/repository/org/springframework/boot/spring-boot-test-autoconfigure/3.2.5/spring-boot-test-autoconfigure-3.2.5.jar:/home/jules/.m2/repository/com/jayway/jsonpath/json-path/2.9.0/json-path-2.9.0.jar:/home/jules/.m2/repository/jakarta/xml/bind/jakarta.xml.bind-api/4.0.2/jakarta.xml.bind-api-4.0.2.jar:/home/jules/.m2/repository/jakarta/activation/jakarta.activation-api/2.1.3/jakarta.activation-api-2.1.3.jar:/home/jules/.m2/repository/net/minidev/json-smart/2.5.1/json-smart-2.5.1.jar:/home/jules/.m2/repository/net/minidev/accessors-smart/2.5.1/accessors-smart-2.5.1.jar:/home/jules/.m2/repository/org/ow2/asm/asm/9.6/asm-9.6.jar:/home/jules/.m2/repository/org/assertj/assertj-core/3.24.2/assertj-core-3.24.2.jar:/home/jules/.m2/repository/org/awaitility/awaitility/4.2.1/awaitility-4.2.1.jar:/home/jules/.m2/repository/org/hamcrest/hamcrest/2.2/hamcrest-2.2.jar:/home/jules/.m2/repository/org/junit/jupiter/junit-jupiter/5.10.2/junit-jupiter-5.10.2.jar:/home/jules/.m2/repository/org/junit/jupiter/junit-jupiter-api/5.10.2/junit-jupiter-api-5.10.2.jar:/home/jules/.m2/repository/org/opentest4j/opentest4j/1.3.0/opentest4j-1.3.0.jar:/home/jules/.m2/repository/org/junit/platform/junit-platform-commons/1.10.2/junit-platform-commons-1.10.2.jar:/home/jules/.m2/repository/org/apiguardian/apiguardian-api/1.1.2/apiguardian-api-1.1.2.jar:/home/jules/.m2/repository/org/junit/jupiter/junit-jupiter-params/5.10.2/junit-jupiter-params-5.10.2.jar:/home/jules/.m2/repository/org/junit/jupiter/junit-jupiter-engine/5.10.2/junit-jupiter-engine-5.10.2.jar:/home/jules/.m2/repository/org/junit/platform/junit-platform-engine/1.10.2/junit-platform-engine-1.10.2.jar:/home/jules/.m2/repository/org/mockito/mockito-core/5.7.0/mockito-core-5.7.0.jar:/home/jules/.m2/repository/net/bytebuddy/byte-buddy-agent/1.14.13/byte-buddy-agent-1.14.13.jar:/home/jules/.m2/repository/org/objenesis/objenesis/3.3/objenesis-3.3.jar:/home/jules/.m2/repository/org/mockito/mockito-junit-jupiter/5.7.0/mockito-junit-jupiter-5.7.0.jar:/home/jules/.m2/repository/org/skyscreamer/jsonassert/1.5.1/jsonassert-1.5.1.jar:/home/jules/.m2/repository/com/vaadin/external/google/android-json/0.0.20131108.vaadin1/android-json-0.0.20131108.vaadin1.jar:/home/jules/.m2/repository/org/springframework/spring-core/6.1.6/spring-core-6.1.6.jar:/home/jules/.m2/repository/org/springframework/spring-jcl/6.1.6/spring-jcl-6.1.6.jar:/home/jules/.m2/repository/org/springframework/spring-test/6.1.6/spring-test-6.1.6.jar:/home/jules/.m2/repository/org/xmlunit/xmlunit-core/2.9.1/xmlunit-core-2.9.1.jar:"/>
    <property name="sun.cpu.endian" value="little"/>
    <property name="user.home" value="/home/jules"/>
    <property name="user.language" value="en"/>
    <property name="java.specification.vendor" value="Oracle Corporation"/>
    <property name="java.version.date" value="2025-07-15"/>
    <property name="java.home" value="/usr/lib/jvm/java-21-openjdk-amd64"/>
    <property name="file.separator" value="/"/>
    <property name="basedir" value="/app/ledger-service"/>
    <property name="java.vm.compressedOopsMode" value="32-bit"/>
    <property name="line.separator" value="&#10;"/>
    <property name="java.vm.specification.vendor" value="Oracle Corporation"/>
    <property name="java.specification.name" value="Java Platform API Specification"/>
    <property name="FILE_LOG_CHARSET" value="UTF-8"/>
    <property name="java.awt.headless" value="true"/>
    <property name="surefire.real.class.path" value="/app/ledger-service/target/surefire/surefirebooter-20250803115431191_3.jar"/>
    <property name="sun.management.compiler" value="HotSpot 64-Bit Tiered Compilers"/>
    <property name="java.runtime.version" value="21.0.8+9-Ubuntu-0ubuntu124.04.1"/>
    <property name="user.name" value="jules"/>
    <property name="stdout.encoding" value="UTF-8"/>
    <property name="path.separator" value=":"/>
    <property name="os.version" value="6.8.0"/>
    <property name="java.runtime.name" value="OpenJDK Runtime Environment"/>
    <property name="file.encoding" value="UTF-8"/>
    <property name="java.vm.name" value="OpenJDK 64-Bit Server VM"/>
    <property name="localRepository" value="/home/jules/.m2/repository"/>
    <property name="java.vendor.url.bug" value="https://bugs.launchpad.net/ubuntu/+source/openjdk-21"/>
    <property name="java.io.tmpdir" value="/tmp"/>
    <property name="com.zaxxer.hikari.pool_number" value="1"/>
    <property name="java.version" value="21.0.8"/>
    <property name="user.dir" value="/app/ledger-service"/>
    <property name="os.arch" value="amd64"/>
    <property name="java.vm.specification.name" value="Java Virtual Machine Specification"/>
    <property name="PID" value="18669"/>
    <property name="CONSOLE_LOG_CHARSET" value="UTF-8"/>
    <property name="native.encoding" value="UTF-8"/>
    <property name="java.library.path" value="/usr/java/packages/lib:/usr/lib/x86_64-linux-gnu/jni:/lib/x86_64-linux-gnu:/usr/lib/x86_64-linux-gnu:/usr/lib/jni:/lib:/usr/lib"/>
    <property name="stderr.encoding" value="UTF-8"/>
    <property name="java.vm.info" value="mixed mode, sharing"/>
    <property name="java.vendor" value="Ubuntu"/>
    <property name="java.vm.version" value="21.0.8+9-Ubuntu-0ubuntu124.04.1"/>
    <property name="sun.io.unicode.encoding" value="UnicodeLittle"/>
    <property name="java.class.version" value="65.0"/>
    <property name="LOGGED_APPLICATION_NAME" value="[ledger-service] "/>
  </properties>
  <testcase name="applyTransfer_shouldBeIdempotent" classname="com.example.ledgerservice.controller.LedgerControllerIntegrationTest" time="0.558">
    <error message="Request processing failed: org.springframework.transaction.UnexpectedRollbackException: Transaction silently rolled back because it has been marked as rollback-only" type="jakarta.servlet.ServletException"><![CDATA[jakarta.servlet.ServletException: Request processing failed: org.springframework.transaction.UnexpectedRollbackException: Transaction silently rolled back because it has been marked as rollback-only
	at org.springframework.web.servlet.FrameworkServlet.processRequest(FrameworkServlet.java:1022)
	at org.springframework.web.servlet.FrameworkServlet.doPost(FrameworkServlet.java:914)
	at jakarta.servlet.http.HttpServlet.service(HttpServlet.java:590)
	at org.springframework.web.servlet.FrameworkServlet.service(FrameworkServlet.java:885)
	at org.springframework.test.web.servlet.TestDispatcherServlet.service(TestDispatcherServlet.java:72)
	at jakarta.servlet.http.HttpServlet.service(HttpServlet.java:658)
	at org.springframework.mock.web.MockFilterChain$ServletFilterProxy.doFilter(MockFilterChain.java:165)
	at org.springframework.mock.web.MockFilterChain.doFilter(MockFilterChain.java:132)
	at com.example.ledgerservice.filter.RequestCorrelationFilter.doFilterInternal(RequestCorrelationFilter.java:29)
	at org.springframework.web.filter.OncePerRequestFilter.doFilter(OncePerRequestFilter.java:116)
	at org.springframework.test.web.servlet.setup.MockMvcFilterDecorator.doFilter(MockMvcFilterDecorator.java:151)
	at org.springframework.mock.web.MockFilterChain.doFilter(MockFilterChain.java:132)
	at org.springframework.web.filter.RequestContextFilter.doFilterInternal(RequestContextFilter.java:100)
	at org.springframework.web.filter.OncePerRequestFilter.doFilter(OncePerRequestFilter.java:116)
	at org.springframework.test.web.servlet.setup.MockMvcFilterDecorator.doFilter(MockMvcFilterDecorator.java:151)
	at org.springframework.mock.web.MockFilterChain.doFilter(MockFilterChain.java:132)
	at org.springframework.web.filter.FormContentFilter.doFilterInternal(FormContentFilter.java:93)
	at org.springframework.web.filter.OncePerRequestFilter.doFilter(OncePerRequestFilter.java:116)
	at org.springframework.test.web.servlet.setup.MockMvcFilterDecorator.doFilter(MockMvcFilterDecorator.java:151)
	at org.springframework.mock.web.MockFilterChain.doFilter(MockFilterChain.java:132)
	at org.springframework.web.filter.ServerHttpObservationFilter.doFilterInternal(ServerHttpObservationFilter.java:109)
	at org.springframework.web.filter.OncePerRequestFilter.doFilter(OncePerRequestFilter.java:116)
	at org.springframework.test.web.servlet.setup.MockMvcFilterDecorator.doFilter(MockMvcFilterDecorator.java:151)
	at org.springframework.mock.web.MockFilterChain.doFilter(MockFilterChain.java:132)
	at org.springframework.web.filter.CharacterEncodingFilter.doFilterInternal(CharacterEncodingFilter.java:201)
	at org.springframework.web.filter.OncePerRequestFilter.doFilter(OncePerRequestFilter.java:116)
	at org.springframework.test.web.servlet.setup.MockMvcFilterDecorator.doFilter(MockMvcFilterDecorator.java:151)
	at org.springframework.mock.web.MockFilterChain.doFilter(MockFilterChain.java:132)
	at org.springframework.test.web.servlet.MockMvc.perform(MockMvc.java:201)
	at com.example.ledgerservice.controller.LedgerControllerIntegrationTest.applyTransfer_shouldBeIdempotent(LedgerControllerIntegrationTest.java:125)
	at java.base/java.lang.reflect.Method.invoke(Method.java:580)
	at java.base/java.util.ArrayList.forEach(ArrayList.java:1596)
	at java.base/java.util.ArrayList.forEach(ArrayList.java:1596)
Caused by: org.springframework.transaction.UnexpectedRollbackException: Transaction silently rolled back because it has been marked as rollback-only
	at org.springframework.transaction.support.AbstractPlatformTransactionManager.processCommit(AbstractPlatformTransactionManager.java:803)
	at org.springframework.transaction.support.AbstractPlatformTransactionManager.commit(AbstractPlatformTransactionManager.java:757)
	at org.springframework.transaction.interceptor.TransactionAspectSupport.commitTransactionAfterReturning(TransactionAspectSupport.java:676)
	at org.springframework.transaction.interceptor.TransactionAspectSupport.invokeWithinTransaction(TransactionAspectSupport.java:426)
	at org.springframework.transaction.interceptor.TransactionInterceptor.invoke(TransactionInterceptor.java:119)
	at org.springframework.aop.framework.ReflectiveMethodInvocation.proceed(ReflectiveMethodInvocation.java:184)
	at org.springframework.aop.framework.CglibAopProxy$CglibMethodInvocation.proceed(CglibAopProxy.java:768)
	at org.springframework.aop.framework.CglibAopProxy$DynamicAdvisedInterceptor.intercept(CglibAopProxy.java:720)
	at com.example.ledgerservice.service.LedgerServiceImpl$$SpringCGLIB$$0.applyTransfer(<generated>)
	at com.example.ledgerservice.controller.LedgerController.applyTransfer(LedgerController.java:44)
	at java.base/jdk.internal.reflect.DirectMethodHandleAccessor.invoke(DirectMethodHandleAccessor.java:103)
	at java.base/java.lang.reflect.Method.invoke(Method.java:580)
	at org.springframework.web.method.support.InvocableHandlerMethod.doInvoke(InvocableHandlerMethod.java:255)
	at org.springframework.web.method.support.InvocableHandlerMethod.invokeForRequest(InvocableHandlerMethod.java:188)
	at org.springframework.web.servlet.mvc.method.annotation.ServletInvocableHandlerMethod.invokeAndHandle(ServletInvocableHandlerMethod.java:118)
	at org.springframework.web.servlet.mvc.method.annotation.RequestMappingHandlerAdapter.invokeHandlerMethod(RequestMappingHandlerAdapter.java:926)
	at org.springframework.web.servlet.mvc.method.annotation.RequestMappingHandlerAdapter.handleInternal(RequestMappingHandlerAdapter.java:831)
	at org.springframework.web.servlet.mvc.method.AbstractHandlerMethodAdapter.handle(AbstractHandlerMethodAdapter.java:87)
	at org.springframework.web.servlet.DispatcherServlet.doDispatch(DispatcherServlet.java:1089)
	at org.springframework.web.servlet.DispatcherServlet.doService(DispatcherServlet.java:979)
	at org.springframework.web.servlet.FrameworkServlet.processRequest(FrameworkServlet.java:1014)
	... 32 more
]]></error>
    <system-out><![CDATA[11:54:36.051 [main] INFO org.springframework.test.context.support.AnnotationConfigContextLoaderUtils -- Could not detect default configuration classes for test class [com.example.ledgerservice.controller.LedgerControllerIntegrationTest]: LedgerControllerIntegrationTest does not declare any static, non-private, non-final, nested classes annotated with @Configuration.
11:54:36.308 [main] INFO org.springframework.boot.test.context.SpringBootTestContextBootstrapper -- Found @SpringBootConfiguration com.example.ledgerservice.LedgerServiceApplication for test class com.example.ledgerservice.controller.LedgerControllerIntegrationTest

  .   ____          _            __ _ _
 /\\ / ___'_ __ _ _(_)_ __  __ _ \ \ \ \
( ( )\___ | '_ | '_| | '_ \/ _` | \ \ \ \
 \\/  ___)| |_)| | | | | || (_| |  ) ) ) )
  '  |____| .__|_| |_|_| |_\__, | / / / /
 =========|_|==============|___/=/_/_/_/
 :: Spring Boot ::                (v3.2.5)

2025-08-03 11:54:37.467  INFO 18669 --- [main] c.e.l.c.LedgerControllerIntegrationTest  [] : Starting LedgerControllerIntegrationTest using Java 21.0.8 with PID 18669 (started by jules in /app/ledger-service)
2025-08-03 11:54:37.468  INFO 18669 --- [main] c.e.l.c.LedgerControllerIntegrationTest  [] : No active profile set, falling back to 1 default profile: "default"
2025-08-03 11:54:38.964  INFO 18669 --- [main] .s.d.r.c.RepositoryConfigurationDelegate [] : Bootstrapping Spring Data JPA repositories in DEFAULT mode.
2025-08-03 11:54:39.033  INFO 18669 --- [main] .s.d.r.c.RepositoryConfigurationDelegate [] : Finished Spring Data repository scanning in 58 ms. Found 2 JPA repository interfaces.
2025-08-03 11:54:39.945  INFO 18669 --- [main] o.hibernate.jpa.internal.util.LogHelper  [] : HHH000204: Processing PersistenceUnitInfo [name: default]
2025-08-03 11:54:40.067  INFO 18669 --- [main] org.hibernate.Version                    [] : HHH000412: Hibernate ORM core version 6.4.4.Final
2025-08-03 11:54:40.154  INFO 18669 --- [main] o.h.c.internal.RegionFactoryInitiator    [] : HHH000026: Second-level cache disabled
2025-08-03 11:54:40.417  INFO 18669 --- [main] o.s.o.j.p.SpringPersistenceUnitInfo      [] : No LoadTimeWeaver setup: ignoring JPA class transformer
2025-08-03 11:54:40.465  INFO 18669 --- [main] com.zaxxer.hikari.HikariDataSource       [] : HikariPool-1 - Starting...
2025-08-03 11:54:40.771  INFO 18669 --- [main] com.zaxxer.hikari.pool.HikariPool        [] : HikariPool-1 - Added connection conn0: url=jdbc:h2:mem:ledgerdb user=SA
2025-08-03 11:54:40.774  INFO 18669 --- [main] com.zaxxer.hikari.HikariDataSource       [] : HikariPool-1 - Start completed.
2025-08-03 11:54:40.833  WARN 18669 --- [main] org.hibernate.orm.deprecation            [] : HHH90000025: H2Dialect does not need to be specified explicitly using 'hibernate.dialect' (remove the property setting and it will be selected by default)
2025-08-03 11:54:41.753  INFO 18669 --- [main] o.h.e.t.j.p.i.JtaPlatformInitiator       [] : HHH000489: No JTA platform available (set 'hibernate.transaction.jta.platform' to enable JTA platform integration)
Hibernate:
    create table accounts (
        id bigint generated by default as identity,
        balance numeric(38,2) not null,
        version bigint,
        primary key (id)
    )
Hibernate:
    create table ledger_entries (
        id bigint generated by default as identity,
        account_id bigint not null,
        amount numeric(38,2) not null,
        created_at timestamp(6) not null,
        transfer_id varchar(255) not null,
        type varchar(255) not null check (type in ('DEBIT','CREDIT')),
        primary key (id)
    )
Hibernate:
    alter table if exists ledger_entries
       drop constraint if exists idx_transfer_id
Hibernate:
    alter table if exists ledger_entries
       add constraint idx_transfer_id unique (transfer_id)
2025-08-03 11:54:41.834  INFO 18669 --- [main] j.LocalContainerEntityManagerFactoryBean [] : Initialized JPA EntityManagerFactory for persistence unit 'default'
2025-08-03 11:54:42.175  INFO 18669 --- [main] o.s.d.j.r.query.QueryEnhancerFactory     [] : Hibernate is in classpath; If applicable, HQL parser will be used.
2025-08-03 11:54:43.442  WARN 18669 --- [main] JpaBaseConfiguration$JpaWebConfiguration [] : spring.jpa.open-in-view is enabled by default. Therefore, database queries may be performed during view rendering. Explicitly configure spring.jpa.open-in-view to disable this warning
2025-08-03 11:54:44.662  INFO 18669 --- [main] o.s.b.a.h2.H2ConsoleAutoConfiguration    [] : H2 console available at '/h2-console'. Database available at 'jdbc:h2:mem:ledgerdb'
2025-08-03 11:54:44.734  INFO 18669 --- [main] o.s.b.t.m.w.SpringBootMockServletContext [] : Initializing Spring TestDispatcherServlet ''
2025-08-03 11:54:44.734  INFO 18669 --- [main] o.s.t.web.servlet.TestDispatcherServlet  [] : Initializing Servlet ''
2025-08-03 11:54:44.748  INFO 18669 --- [main] o.s.b.a.e.web.EndpointLinksResolver      [] : Exposing 1 endpoint(s) beneath base path '/actuator'
2025-08-03 11:54:44.771  INFO 18669 --- [main] o.s.t.web.servlet.TestDispatcherServlet  [] : Completed initialization in 36 ms
2025-08-03 11:54:44.868  INFO 18669 --- [main] c.e.l.c.LedgerControllerIntegrationTest  [] : Started LedgerControllerIntegrationTest in 8.268 seconds (process running for 13.534)
Hibernate:
    select
        le1_0.id,
        le1_0.account_id,
        le1_0.amount,
        le1_0.created_at,
        le1_0.transfer_id,
        le1_0.type
    from
        ledger_entries le1_0
Hibernate:
    select
        a1_0.id,
        a1_0.balance,
        a1_0.version
    from
        accounts a1_0
Hibernate:
    insert
    into
        accounts
        (balance, version, id)
    values
        (?, ?, default)
Hibernate:
    insert
    into
        accounts
        (balance, version, id)
    values
        (?, ?, default)
Hibernate:
    select
        a1_0.id,
        a1_0.balance,
        a1_0.version
    from
        accounts a1_0
    where
        a1_0.id=? for update
Hibernate:
    select
        a1_0.id,
        a1_0.balance,
        a1_0.version
    from
        accounts a1_0
    where
        a1_0.id=? for update
Hibernate:
    insert
    into
        ledger_entries
        (account_id, amount, created_at, transfer_id, type, id)
    values
        (?, ?, ?, ?, ?, default)
Hibernate:
    insert
    into
        ledger_entries
        (account_id, amount, created_at, transfer_id, type, id)
    values
        (?, ?, ?, ?, ?, default)
2025-08-03 11:54:45.545  WARN 18669 --- [main] o.h.engine.jdbc.spi.SqlExceptionHelper   [d1f2a5d8-9c69-4e1b-8923-ad7d2826035e] : SQL Error: 23505, SQLState: 23505
2025-08-03 11:54:45.545 ERROR 18669 --- [main] o.h.engine.jdbc.spi.SqlExceptionHelper   [d1f2a5d8-9c69-4e1b-8923-ad7d2826035e] : Unique index or primary key violation: "PUBLIC.IDX_TRANSFER_ID_INDEX_5 ON PUBLIC.LEDGER_ENTRIES(TRANSFER_ID NULLS FIRST) VALUES ( /* 1 */ 'tx-idempotent-1' )"; SQL statement:
insert into ledger_entries (account_id,amount,created_at,transfer_id,type,id) values (?,?,?,?,?,default) [23505-224]
2025-08-03 11:54:45.552  WARN 18669 --- [main] c.e.l.service.LedgerServiceImpl          [d1f2a5d8-9c69-4e1b-8923-ad7d2826035e] : Idempotent retry for transfer ID: tx-idempotent-1. This is expected and will be suppressed.
2025-08-03 11:54:45.560  INFO 18669 --- [main] c.e.l.c.LedgerControllerIntegrationTest  [] : --- Checking DB state after test ---
Hibernate:
    select
        le1_0.id,
        le1_0.account_id,
        le1_0.amount,
        le1_0.created_at,
        le1_0.transfer_id,
        le1_0.type
    from
        ledger_entries le1_0
Hibernate:
    select
        a1_0.id,
        a1_0.balance,
        a1_0.version
    from
        accounts a1_0
2025-08-03 11:54:45.570  INFO 18669 --- [main] c.e.l.c.LedgerControllerIntegrationTest  [] : Found account: Account(id=1, balance=1000.00, version=0)
2025-08-03 11:54:45.570  INFO 18669 --- [main] c.e.l.c.LedgerControllerIntegrationTest  [] : Found account: Account(id=2, balance=500.00, version=0)
2025-08-03 11:54:45.570  INFO 18669 --- [main] c.e.l.c.LedgerControllerIntegrationTest  [] : --- End of DB state check ---
]]></system-out>
  </testcase>
  <testcase name="getAccount_shouldReturnAccountDetails" classname="com.example.ledgerservice.controller.LedgerControllerIntegrationTest" time="0.132">
    <system-out><![CDATA[Hibernate:
    select
        le1_0.id,
        le1_0.account_id,
        le1_0.amount,
        le1_0.created_at,
        le1_0.transfer_id,
        le1_0.type
    from
        ledger_entries le1_0
Hibernate:
    select
        a1_0.id,
        a1_0.balance,
        a1_0.version
    from
        accounts a1_0
Hibernate:
    delete
    from
        accounts
    where
        id=?
        and version=?
Hibernate:
    delete
    from
        accounts
    where
        id=?
        and version=?
Hibernate:
    insert
    into
        accounts
        (balance, version, id)
    values
        (?, ?, default)
Hibernate:
    insert
    into
        accounts
        (balance, version, id)
    values
        (?, ?, default)
Hibernate:
    select
        a1_0.id,
        a1_0.balance,
        a1_0.version
    from
        accounts a1_0
    where
        a1_0.id=?
2025-08-03 11:54:45.706  INFO 18669 --- [main] c.e.l.c.LedgerControllerIntegrationTest  [] : --- Checking DB state after test ---
Hibernate:
    select
        le1_0.id,
        le1_0.account_id,
        le1_0.amount,
        le1_0.created_at,
        le1_0.transfer_id,
        le1_0.type
    from
        ledger_entries le1_0
Hibernate:
    select
        a1_0.id,
        a1_0.balance,
        a1_0.version
    from
        accounts a1_0
2025-08-03 11:54:45.714  INFO 18669 --- [main] c.e.l.c.LedgerControllerIntegrationTest  [] : Found account: Account(id=3, balance=1000.00, version=0)
2025-08-03 11:54:45.714  INFO 18669 --- [main] c.e.l.c.LedgerControllerIntegrationTest  [] : Found account: Account(id=4, balance=500.00, version=0)
2025-08-03 11:54:45.714  INFO 18669 --- [main] c.e.l.c.LedgerControllerIntegrationTest  [] : --- End of DB state check ---
]]></system-out>
  </testcase>
  <testcase name="applyTransfer_shouldFail_whenInsufficientFunds" classname="com.example.ledgerservice.controller.LedgerControllerIntegrationTest" time="0.026">
    <system-out><![CDATA[Hibernate:
    select
        le1_0.id,
        le1_0.account_id,
        le1_0.amount,
        le1_0.created_at,
        le1_0.transfer_id,
        le1_0.type
    from
        ledger_entries le1_0
Hibernate:
    select
        a1_0.id,
        a1_0.balance,
        a1_0.version
    from
        accounts a1_0
Hibernate:
    delete
    from
        accounts
    where
        id=?
        and version=?
Hibernate:
    delete
    from
        accounts
    where
        id=?
        and version=?
Hibernate:
    insert
    into
        accounts
        (balance, version, id)
    values
        (?, ?, default)
Hibernate:
    insert
    into
        accounts
        (balance, version, id)
    values
        (?, ?, default)
Hibernate:
    select
        a1_0.id,
        a1_0.balance,
        a1_0.version
    from
        accounts a1_0
    where
        a1_0.id=? for update
Hibernate:
    select
        a1_0.id,
        a1_0.balance,
        a1_0.version
    from
        accounts a1_0
    where
        a1_0.id=? for update
2025-08-03 11:54:45.740  INFO 18669 --- [main] c.e.l.c.LedgerControllerIntegrationTest  [] : --- Checking DB state after test ---
Hibernate:
    select
        le1_0.id,
        le1_0.account_id,
        le1_0.amount,
        le1_0.created_at,
        le1_0.transfer_id,
        le1_0.type
    from
        ledger_entries le1_0
Hibernate:
    select
        a1_0.id,
        a1_0.balance,
        a1_0.version
    from
        accounts a1_0
2025-08-03 11:54:45.744  INFO 18669 --- [main] c.e.l.c.LedgerControllerIntegrationTest  [] : Found account: Account(id=5, balance=1000.00, version=0)
2025-08-03 11:54:45.744  INFO 18669 --- [main] c.e.l.c.LedgerControllerIntegrationTest  [] : Found account: Account(id=6, balance=500.00, version=0)
2025-08-03 11:54:45.744  INFO 18669 --- [main] c.e.l.c.LedgerControllerIntegrationTest  [] : --- End of DB state check ---
]]></system-out>
  </testcase>
  <testcase name="createAccount_shouldReturnCreatedAccount" classname="com.example.ledgerservice.controller.LedgerControllerIntegrationTest" time="0.027">
    <system-out><![CDATA[Hibernate:
    select
        le1_0.id,
        le1_0.account_id,
        le1_0.amount,
        le1_0.created_at,
        le1_0.transfer_id,
        le1_0.type
    from
        ledger_entries le1_0
Hibernate:
    select
        a1_0.id,
        a1_0.balance,
        a1_0.version
    from
        accounts a1_0
Hibernate:
    delete
    from
        accounts
    where
        id=?
        and version=?
Hibernate:
    delete
    from
        accounts
    where
        id=?
        and version=?
Hibernate:
    insert
    into
        accounts
        (balance, version, id)
    values
        (?, ?, default)
Hibernate:
    insert
    into
        accounts
        (balance, version, id)
    values
        (?, ?, default)
Hibernate:
    insert
    into
        accounts
        (balance, version, id)
    values
        (?, ?, default)
2025-08-03 11:54:45.766  INFO 18669 --- [main] c.e.l.service.LedgerServiceImpl          [05be1e34-f5c3-4778-9585-62aab08e1161] : Created account with ID: 9
2025-08-03 11:54:45.769  INFO 18669 --- [main] c.e.l.c.LedgerControllerIntegrationTest  [] : --- Checking DB state after test ---
Hibernate:
    select
        le1_0.id,
        le1_0.account_id,
        le1_0.amount,
        le1_0.created_at,
        le1_0.transfer_id,
        le1_0.type
    from
        ledger_entries le1_0
Hibernate:
    select
        a1_0.id,
        a1_0.balance,
        a1_0.version
    from
        accounts a1_0
2025-08-03 11:54:45.773  INFO 18669 --- [main] c.e.l.c.LedgerControllerIntegrationTest  [] : Found account: Account(id=7, balance=1000.00, version=0)
2025-08-03 11:54:45.773  INFO 18669 --- [main] c.e.l.c.LedgerControllerIntegrationTest  [] : Found account: Account(id=8, balance=500.00, version=0)
2025-08-03 11:54:45.773  INFO 18669 --- [main] c.e.l.c.LedgerControllerIntegrationTest  [] : Found account: Account(id=9, balance=250.00, version=0)
2025-08-03 11:54:45.773  INFO 18669 --- [main] c.e.l.c.LedgerControllerIntegrationTest  [] : --- End of DB state check ---
]]></system-out>
  </testcase>
  <testcase name="applyTransfer_shouldSucceedForValidTransfer" classname="com.example.ledgerservice.controller.LedgerControllerIntegrationTest" time="0.031">
    <error message="Request processing failed: org.springframework.transaction.UnexpectedRollbackException: Transaction silently rolled back because it has been marked as rollback-only" type="jakarta.servlet.ServletException"><![CDATA[jakarta.servlet.ServletException: Request processing failed: org.springframework.transaction.UnexpectedRollbackException: Transaction silently rolled back because it has been marked as rollback-only
	at org.springframework.web.servlet.FrameworkServlet.processRequest(FrameworkServlet.java:1022)
	at org.springframework.web.servlet.FrameworkServlet.doPost(FrameworkServlet.java:914)
	at jakarta.servlet.http.HttpServlet.service(HttpServlet.java:590)
	at org.springframework.web.servlet.FrameworkServlet.service(FrameworkServlet.java:885)
	at org.springframework.test.web.servlet.TestDispatcherServlet.service(TestDispatcherServlet.java:72)
	at jakarta.servlet.http.HttpServlet.service(HttpServlet.java:658)
	at org.springframework.mock.web.MockFilterChain$ServletFilterProxy.doFilter(MockFilterChain.java:165)
	at org.springframework.mock.web.MockFilterChain.doFilter(MockFilterChain.java:132)
	at com.example.ledgerservice.filter.RequestCorrelationFilter.doFilterInternal(RequestCorrelationFilter.java:29)
	at org.springframework.web.filter.OncePerRequestFilter.doFilter(OncePerRequestFilter.java:116)
	at org.springframework.test.web.servlet.setup.MockMvcFilterDecorator.doFilter(MockMvcFilterDecorator.java:151)
	at org.springframework.mock.web.MockFilterChain.doFilter(MockFilterChain.java:132)
	at org.springframework.web.filter.RequestContextFilter.doFilterInternal(RequestContextFilter.java:100)
	at org.springframework.web.filter.OncePerRequestFilter.doFilter(OncePerRequestFilter.java:116)
	at org.springframework.test.web.servlet.setup.MockMvcFilterDecorator.doFilter(MockMvcFilterDecorator.java:151)
	at org.springframework.mock.web.MockFilterChain.doFilter(MockFilterChain.java:132)
	at org.springframework.web.filter.FormContentFilter.doFilterInternal(FormContentFilter.java:93)
	at org.springframework.web.filter.OncePerRequestFilter.doFilter(OncePerRequestFilter.java:116)
	at org.springframework.test.web.servlet.setup.MockMvcFilterDecorator.doFilter(MockMvcFilterDecorator.java:151)
	at org.springframework.mock.web.MockFilterChain.doFilter(MockFilterChain.java:132)
	at org.springframework.web.filter.ServerHttpObservationFilter.doFilterInternal(ServerHttpObservationFilter.java:109)
	at org.springframework.web.filter.OncePerRequestFilter.doFilter(OncePerRequestFilter.java:116)
	at org.springframework.test.web.servlet.setup.MockMvcFilterDecorator.doFilter(MockMvcFilterDecorator.java:151)
	at org.springframework.mock.web.MockFilterChain.doFilter(MockFilterChain.java:132)
	at org.springframework.web.filter.CharacterEncodingFilter.doFilterInternal(CharacterEncodingFilter.java:201)
	at org.springframework.web.filter.OncePerRequestFilter.doFilter(OncePerRequestFilter.java:116)
	at org.springframework.test.web.servlet.setup.MockMvcFilterDecorator.doFilter(MockMvcFilterDecorator.java:151)
	at org.springframework.mock.web.MockFilterChain.doFilter(MockFilterChain.java:132)
	at org.springframework.test.web.servlet.MockMvc.perform(MockMvc.java:201)
	at com.example.ledgerservice.controller.LedgerControllerIntegrationTest.applyTransfer_shouldSucceedForValidTransfer(LedgerControllerIntegrationTest.java:90)
	at java.base/java.lang.reflect.Method.invoke(Method.java:580)
	at java.base/java.util.ArrayList.forEach(ArrayList.java:1596)
	at java.base/java.util.ArrayList.forEach(ArrayList.java:1596)
Caused by: org.springframework.transaction.UnexpectedRollbackException: Transaction silently rolled back because it has been marked as rollback-only
	at org.springframework.transaction.support.AbstractPlatformTransactionManager.processCommit(AbstractPlatformTransactionManager.java:803)
	at org.springframework.transaction.support.AbstractPlatformTransactionManager.commit(AbstractPlatformTransactionManager.java:757)
	at org.springframework.transaction.interceptor.TransactionAspectSupport.commitTransactionAfterReturning(TransactionAspectSupport.java:676)
	at org.springframework.transaction.interceptor.TransactionAspectSupport.invokeWithinTransaction(TransactionAspectSupport.java:426)
	at org.springframework.transaction.interceptor.TransactionInterceptor.invoke(TransactionInterceptor.java:119)
	at org.springframework.aop.framework.ReflectiveMethodInvocation.proceed(ReflectiveMethodInvocation.java:184)
	at org.springframework.aop.framework.CglibAopProxy$CglibMethodInvocation.proceed(CglibAopProxy.java:768)
	at org.springframework.aop.framework.CglibAopProxy$DynamicAdvisedInterceptor.intercept(CglibAopProxy.java:720)
	at com.example.ledgerservice.service.LedgerServiceImpl$$SpringCGLIB$$0.applyTransfer(<generated>)
	at com.example.ledgerservice.controller.LedgerController.applyTransfer(LedgerController.java:44)
	at java.base/jdk.internal.reflect.DirectMethodHandleAccessor.invoke(DirectMethodHandleAccessor.java:103)
	at java.base/java.lang.reflect.Method.invoke(Method.java:580)
	at org.springframework.web.method.support.InvocableHandlerMethod.doInvoke(InvocableHandlerMethod.java:255)
	at org.springframework.web.method.support.InvocableHandlerMethod.invokeForRequest(InvocableHandlerMethod.java:188)
	at org.springframework.web.servlet.mvc.method.annotation.ServletInvocableHandlerMethod.invokeAndHandle(ServletInvocableHandlerMethod.java:118)
	at org.springframework.web.servlet.mvc.method.annotation.RequestMappingHandlerAdapter.invokeHandlerMethod(RequestMappingHandlerAdapter.java:926)
	at org.springframework.web.servlet.mvc.method.annotation.RequestMappingHandlerAdapter.handleInternal(RequestMappingHandlerAdapter.java:831)
	at org.springframework.web.servlet.mvc.method.AbstractHandlerMethodAdapter.handle(AbstractHandlerMethodAdapter.java:87)
	at org.springframework.web.servlet.DispatcherServlet.doDispatch(DispatcherServlet.java:1089)
	at org.springframework.web.servlet.DispatcherServlet.doService(DispatcherServlet.java:979)
	at org.springframework.web.servlet.FrameworkServlet.processRequest(FrameworkServlet.java:1014)
	... 32 more
]]></error>
    <system-out><![CDATA[Hibernate:
    select
        le1_0.id,
        le1_0.account_id,
        le1_0.amount,
        le1_0.created_at,
        le1_0.transfer_id,
        le1_0.type
    from
        ledger_entries le1_0
Hibernate:
    select
        a1_0.id,
        a1_0.balance,
        a1_0.version
    from
        accounts a1_0
Hibernate:
    delete
    from
        accounts
    where
        id=?
        and version=?
Hibernate:
    delete
    from
        accounts
    where
        id=?
        and version=?
Hibernate:
    delete
    from
        accounts
    where
        id=?
        and version=?
Hibernate:
    insert
    into
        accounts
        (balance, version, id)
    values
        (?, ?, default)
Hibernate:
    insert
    into
        accounts
        (balance, version, id)
    values
        (?, ?, default)
Hibernate:
    select
        a1_0.id,
        a1_0.balance,
        a1_0.version
    from
        accounts a1_0
    where
        a1_0.id=? for update
Hibernate:
    select
        a1_0.id,
        a1_0.balance,
        a1_0.version
    from
        accounts a1_0
    where
        a1_0.id=? for update
Hibernate:
    insert
    into
        ledger_entries
        (account_id, amount, created_at, transfer_id, type, id)
    values
        (?, ?, ?, ?, ?, default)
Hibernate:
    insert
    into
        ledger_entries
        (account_id, amount, created_at, transfer_id, type, id)
    values
        (?, ?, ?, ?, ?, default)
2025-08-03 11:54:45.797  WARN 18669 --- [main] o.h.engine.jdbc.spi.SqlExceptionHelper   [6863f3f3-06eb-4bfa-9243-ba7f9a6b46b7] : SQL Error: 23505, SQLState: 23505
2025-08-03 11:54:45.797 ERROR 18669 --- [main] o.h.engine.jdbc.spi.SqlExceptionHelper   [6863f3f3-06eb-4bfa-9243-ba7f9a6b46b7] : Unique index or primary key violation: "PUBLIC.IDX_TRANSFER_ID_INDEX_5 ON PUBLIC.LEDGER_ENTRIES(TRANSFER_ID NULLS FIRST) VALUES ( /* 3 */ 'tx-integration-1' )"; SQL statement:
insert into ledger_entries (account_id,amount,created_at,transfer_id,type,id) values (?,?,?,?,?,default) [23505-224]
2025-08-03 11:54:45.797  WARN 18669 --- [main] c.e.l.service.LedgerServiceImpl          [6863f3f3-06eb-4bfa-9243-ba7f9a6b46b7] : Idempotent retry for transfer ID: tx-integration-1. This is expected and will be suppressed.
2025-08-03 11:54:45.799  INFO 18669 --- [main] c.e.l.c.LedgerControllerIntegrationTest  [] : --- Checking DB state after test ---
Hibernate:
    select
        le1_0.id,
        le1_0.account_id,
        le1_0.amount,
        le1_0.created_at,
        le1_0.transfer_id,
        le1_0.type
    from
        ledger_entries le1_0
Hibernate:
    select
        a1_0.id,
        a1_0.balance,
        a1_0.version
    from
        accounts a1_0
2025-08-03 11:54:45.804  INFO 18669 --- [main] c.e.l.c.LedgerControllerIntegrationTest  [] : Found account: Account(id=10, balance=1000.00, version=0)
2025-08-03 11:54:45.804  INFO 18669 --- [main] c.e.l.c.LedgerControllerIntegrationTest  [] : Found account: Account(id=11, balance=500.00, version=0)
2025-08-03 11:54:45.804  INFO 18669 --- [main] c.e.l.c.LedgerControllerIntegrationTest  [] : --- End of DB state check ---
]]></system-out>
  </testcase>
</testsuite>